0 info it worked if it ends with ok
1 verbose cli [ '/usr/bin/nodejs', '/usr/bin/npm', 'version', '0.0.2' ]
2 info using npm@3.10.9
3 info using node@v4.6.2
4 info git [ 'status', '--porcelain' ]
5 verbose stack Error: Git working directory not clean.
5 verbose stack M README.md
5 verbose stack M package.json
5 verbose stack     at /usr/lib/node_modules/npm/lib/version.js:247:19
5 verbose stack     at /usr/lib/node_modules/npm/lib/utils/no-progress-while-running.js:21:8
5 verbose stack     at ChildProcess.exithandler (child_process.js:204:7)
5 verbose stack     at emitTwo (events.js:87:13)
5 verbose stack     at ChildProcess.emit (events.js:172:7)
5 verbose stack     at maybeClose (internal/child_process.js:854:16)
5 verbose stack     at Socket.<anonymous> (internal/child_process.js:330:11)
5 verbose stack     at emitOne (events.js:77:13)
5 verbose stack     at Socket.emit (events.js:169:7)
5 verbose stack     at Pipe._onclose (net.js:487:12)
6 verbose cwd /home/khaled/Desktop/Sites/Github/hellrazor
7 error Linux 3.19.0-47-generic
8 error argv "/usr/bin/nodejs" "/usr/bin/npm" "version" "0.0.2"
9 error node v4.6.2
10 error npm  v3.10.9
11 error Git working directory not clean.
11 error M README.md
11 error M package.json
12 error If you need help, you may report this error at:
12 error     <https://github.com/npm/npm/issues>
13 verbose exit [ 1, true ]
